2024-10-08 07:11:34,062 [myid:] - INFO  [main:o.a.z.s.q.QuorumPeerConfig@177] - Reading configuration from: /mnt/c/Users/vursu/Documents/SoftwareProgramming/Kafka/apache-zookeeper-3.9.2-bin/bin/../conf/zoo.cfg
2024-10-08 07:11:34,072 [myid:] - INFO  [main:o.a.z.s.q.QuorumPeerConfig@440] - clientPortAddress is 0.0.0.0:2181
2024-10-08 07:11:34,074 [myid:] - INFO  [main:o.a.z.s.q.QuorumPeerConfig@444] - secureClientPort is not set
2024-10-08 07:11:34,074 [myid:] - INFO  [main:o.a.z.s.q.QuorumPeerConfig@460] - observerMasterPort is not set
2024-10-08 07:11:34,075 [myid:] - INFO  [main:o.a.z.s.q.QuorumPeerConfig@477] - metricsProvider.className is org.apache.zookeeper.metrics.impl.DefaultMetricsProvider
2024-10-08 07:11:34,078 [myid:] - INFO  [main:o.a.z.s.DatadirCleanupManager@78] - autopurge.snapRetainCount set to 3
2024-10-08 07:11:34,078 [myid:] - INFO  [main:o.a.z.s.DatadirCleanupManager@79] - autopurge.purgeInterval set to 0
2024-10-08 07:11:34,078 [myid:] - INFO  [main:o.a.z.s.DatadirCleanupManager@101] - Purge task is not scheduled.
2024-10-08 07:11:34,079 [myid:] - WARN  [main:o.a.z.s.q.QuorumPeerMain@139] - Either no config or no quorum defined in config, running in standalone mode
2024-10-08 07:11:34,081 [myid:] - INFO  [main:o.a.z.j.ManagedUtil@46] - Log4j 1.2 jmx support not found; jmx disabled.
2024-10-08 07:11:34,081 [myid:] - INFO  [main:o.a.z.s.q.QuorumPeerConfig@177] - Reading configuration from: /mnt/c/Users/vursu/Documents/SoftwareProgramming/Kafka/apache-zookeeper-3.9.2-bin/bin/../conf/zoo.cfg
2024-10-08 07:11:34,087 [myid:] - INFO  [main:o.a.z.s.q.QuorumPeerConfig@440] - clientPortAddress is 0.0.0.0:2181
2024-10-08 07:11:34,087 [myid:] - INFO  [main:o.a.z.s.q.QuorumPeerConfig@444] - secureClientPort is not set
2024-10-08 07:11:34,087 [myid:] - INFO  [main:o.a.z.s.q.QuorumPeerConfig@460] - observerMasterPort is not set
2024-10-08 07:11:34,088 [myid:] - INFO  [main:o.a.z.s.q.QuorumPeerConfig@477] - metricsProvider.className is org.apache.zookeeper.metrics.impl.DefaultMetricsProvider
2024-10-08 07:11:34,089 [myid:] - INFO  [main:o.a.z.s.ZooKeeperServerMain@123] - Starting server
2024-10-08 07:11:34,111 [myid:] - INFO  [main:o.a.z.s.ServerMetrics@64] - ServerMetrics initialized with provider org.apache.zookeeper.metrics.impl.DefaultMetricsProvider@74235045
2024-10-08 07:11:34,115 [myid:] - INFO  [main:o.a.z.s.a.DigestAuthenticationProvider@51] - ACL digest algorithm is: SHA1
2024-10-08 07:11:34,115 [myid:] - INFO  [main:o.a.z.s.a.DigestAuthenticationProvider@65] - zookeeper.DigestAuthenticationProvider.enabled = true
2024-10-08 07:11:34,120 [myid:] - INFO  [main:o.a.z.s.p.FileTxnSnapLog@124] - zookeeper.snapshot.trust.empty : false
2024-10-08 07:11:34,148 [myid:] - INFO  [main:o.a.z.ZookeeperBanner@42] - 
2024-10-08 07:11:34,148 [myid:] - INFO  [main:o.a.z.ZookeeperBanner@42] -   ______                  _                                          
2024-10-08 07:11:34,149 [myid:] - INFO  [main:o.a.z.ZookeeperBanner@42] -  |___  /                 | |                                         
2024-10-08 07:11:34,149 [myid:] - INFO  [main:o.a.z.ZookeeperBanner@42] -     / /    ___     ___   | | __   ___    ___   _ __     ___   _ __   
2024-10-08 07:11:34,149 [myid:] - INFO  [main:o.a.z.ZookeeperBanner@42] -    / /    / _ \   / _ \  | |/ /  / _ \  / _ \ | '_ \   / _ \ | '__|
2024-10-08 07:11:34,149 [myid:] - INFO  [main:o.a.z.ZookeeperBanner@42] -   / /__  | (_) | | (_) | |   <  |  __/ |  __/ | |_) | |  __/ | |    
2024-10-08 07:11:34,149 [myid:] - INFO  [main:o.a.z.ZookeeperBanner@42] -  /_____|  \___/   \___/  |_|\_\  \___|  \___| | .__/   \___| |_|
2024-10-08 07:11:34,149 [myid:] - INFO  [main:o.a.z.ZookeeperBanner@42] -                                               | |                     
2024-10-08 07:11:34,150 [myid:] - INFO  [main:o.a.z.ZookeeperBanner@42] -                                               |_|                     
2024-10-08 07:11:34,150 [myid:] - INFO  [main:o.a.z.ZookeeperBanner@42] - 
2024-10-08 07:11:34,152 [myid:] - INFO  [main:o.a.z.Environment@98] - Server environment:zookeeper.version=3.9.2-e454e8c7283100c7caec6dcae2bc82aaecb63023, built on 2024-02-12 20:59 UTC
2024-10-08 07:11:34,152 [myid:] - INFO  [main:o.a.z.Environment@98] - Server environment:host.name=DESKTOP-7L8G9MO.
2024-10-08 07:11:34,152 [myid:] - INFO  [main:o.a.z.Environment@98] - Server environment:java.version=11.0.24
2024-10-08 07:11:34,152 [myid:] - INFO  [main:o.a.z.Environment@98] - Server environment:java.vendor=Ubuntu
2024-10-08 07:11:34,152 [myid:] - INFO  [main:o.a.z.Environment@98] - Server environment:java.home=/usr/lib/jvm/java-11-openjdk-amd64
2024-10-08 07:11:34,153 [myid:] - INFO  [main:o.a.z.Environment@98] - Server environment:java.class.path=/mnt/c/Users/vursu/Documents/SoftwareProgramming/Kafka/apache-zookeeper-3.9.2-bin/bin/../zookeeper-metrics-providers/zookeeper-prometheus-metrics/target/classes:/mnt/c/Users/vursu/Documents/SoftwareProgramming/Kafka/apache-zookeeper-3.9.2-bin/bin/../zookeeper-server/target/classes:/mnt/c/Users/vursu/Documents/SoftwareProgramming/Kafka/apache-zookeeper-3.9.2-bin/bin/../build/classes:/mnt/c/Users/vursu/Documents/SoftwareProgramming/Kafka/apache-zookeeper-3.9.2-bin/bin/../zookeeper-metrics-providers/zookeeper-prometheus-metrics/target/lib/*.jar:/mnt/c/Users/vursu/Documents/SoftwareProgramming/Kafka/apache-zookeeper-3.9.2-bin/bin/../zookeeper-server/target/lib/*.jar:/mnt/c/Users/vursu/Documents/SoftwareProgramming/Kafka/apache-zookeeper-3.9.2-bin/bin/../build/lib/*.jar:/mnt/c/Users/vursu/Documents/SoftwareProgramming/Kafka/apache-zookeeper-3.9.2-bin/bin/../lib/zookeeper-prometheus-metrics-3.9.2.jar:/mnt/c/Users/vursu/Documents/SoftwareProgramming/Kafka/apache-zookeeper-3.9.2-bin/bin/../lib/zookeeper-jute-3.9.2.jar:/mnt/c/Users/vursu/Documents/SoftwareProgramming/Kafka/apache-zookeeper-3.9.2-bin/bin/../lib/zookeeper-3.9.2.jar:/mnt/c/Users/vursu/Documents/SoftwareProgramming/Kafka/apache-zookeeper-3.9.2-bin/bin/../lib/snappy-java-1.1.10.5.jar:/mnt/c/Users/vursu/Documents/SoftwareProgramming/Kafka/apache-zookeeper-3.9.2-bin/bin/../lib/slf4j-api-1.7.30.jar:/mnt/c/Users/vursu/Documents/SoftwareProgramming/Kafka/apache-zookeeper-3.9.2-bin/bin/../lib/simpleclient_servlet-0.9.0.jar:/mnt/c/Users/vursu/Documents/SoftwareProgramming/Kafka/apache-zookeeper-3.9.2-bin/bin/../lib/simpleclient_hotspot-0.9.0.jar:/mnt/c/Users/vursu/Documents/SoftwareProgramming/Kafka/apache-zookeeper-3.9.2-bin/bin/../lib/simpleclient_common-0.9.0.jar:/mnt/c/Users/vursu/Documents/SoftwareProgramming/Kafka/apache-zookeeper-3.9.2-bin/bin/../lib/simpleclient-0.9.0.jar:/mnt/c/Users/vursu/Documents/SoftwareProgramming/Kafka/apache-zookeeper-3.9.2-bin/bin/../lib/netty-transport-native-unix-common-4.1.105.Final.jar:/mnt/c/Users/vursu/Documents/SoftwareProgramming/Kafka/apache-zookeeper-3.9.2-bin/bin/../lib/netty-transport-native-epoll-4.1.105.Final-linux-x86_64.jar:/mnt/c/Users/vursu/Documents/SoftwareProgramming/Kafka/apache-zookeeper-3.9.2-bin/bin/../lib/netty-transport-classes-epoll-4.1.105.Final.jar:/mnt/c/Users/vursu/Documents/SoftwareProgramming/Kafka/apache-zookeeper-3.9.2-bin/bin/../lib/netty-transport-4.1.105.Final.jar:/mnt/c/Users/vursu/Documents/SoftwareProgramming/Kafka/apache-zookeeper-3.9.2-bin/bin/../lib/netty-tcnative-classes-2.0.61.Final.jar:/mnt/c/Users/vursu/Documents/SoftwareProgramming/Kafka/apache-zookeeper-3.9.2-bin/bin/../lib/netty-tcnative-boringssl-static-2.0.61.Final.jar:/mnt/c/Users/vursu/Documents/SoftwareProgramming/Kafka/apache-zookeeper-3.9.2-bin/bin/../lib/netty-tcnative-boringssl-static-2.0.61.Final-windows-x86_64.jar:/mnt/c/Users/vursu/Documents/SoftwareProgramming/Kafka/apache-zookeeper-3.9.2-bin/bin/../lib/netty-tcnative-boringssl-static-2.0.61.Final-osx-x86_64.jar:/mnt/c/Users/vursu/Documents/SoftwareProgramming/Kafka/apache-zookeeper-3.9.2-bin/bin/../lib/netty-tcnative-boringssl-static-2.0.61.Final-osx-aarch_64.jar:/mnt/c/Users/vursu/Documents/SoftwareProgramming/Kafka/apache-zookeeper-3.9.2-bin/bin/../lib/netty-tcnative-boringssl-static-2.0.61.Final-linux-x86_64.jar:/mnt/c/Users/vursu/Documents/SoftwareProgramming/Kafka/apache-zookeeper-3.9.2-bin/bin/../lib/netty-tcnative-boringssl-static-2.0.61.Final-linux-aarch_64.jar:/mnt/c/Users/vursu/Documents/SoftwareProgramming/Kafka/apache-zookeeper-3.9.2-bin/bin/../lib/netty-resolver-4.1.105.Final.jar:/mnt/c/Users/vursu/Documents/SoftwareProgramming/Kafka/apache-zookeeper-3.9.2-bin/bin/../lib/netty-handler-4.1.105.Final.jar:/mnt/c/Users/vursu/Documents/SoftwareProgramming/Kafka/apache-zookeeper-3.9.2-bin/bin/../lib/netty-common-4.1.105.Final.jar:/mnt/c/Users/vursu/Documents/SoftwareProgramming/Kafka/apache-zookeeper-3.9.2-bin/bin/../lib/netty-codec-4.1.105.Final.jar:/mnt/c/Users/vursu/Documents/SoftwareProgramming/Kafka/apache-zookeeper-3.9.2-bin/bin/../lib/netty-buffer-4.1.105.Final.jar:/mnt/c/Users/vursu/Documents/SoftwareProgramming/Kafka/apache-zookeeper-3.9.2-bin/bin/../lib/metrics-core-4.1.12.1.jar:/mnt/c/Users/vursu/Documents/SoftwareProgramming/Kafka/apache-zookeeper-3.9.2-bin/bin/../lib/logback-core-1.2.13.jar:/mnt/c/Users/vursu/Documents/SoftwareProgramming/Kafka/apache-zookeeper-3.9.2-bin/bin/../lib/logback-classic-1.2.13.jar:/mnt/c/Users/vursu/Documents/SoftwareProgramming/Kafka/apache-zookeeper-3.9.2-bin/bin/../lib/jline-2.14.6.jar:/mnt/c/Users/vursu/Documents/SoftwareProgramming/Kafka/apache-zookeeper-3.9.2-bin/bin/../lib/jetty-util-ajax-9.4.53.v20231009.jar:/mnt/c/Users/vursu/Documents/SoftwareProgramming/Kafka/apache-zookeeper-3.9.2-bin/bin/../lib/jetty-util-9.4.53.v20231009.jar:/mnt/c/Users/vursu/Documents/SoftwareProgramming/Kafka/apache-zookeeper-3.9.2-bin/bin/../lib/jetty-servlet-9.4.53.v20231009.jar:/mnt/c/Users/vursu/Documents/SoftwareProgramming/Kafka/apache-zookeeper-3.9.2-bin/bin/../lib/jetty-server-9.4.53.v20231009.jar:/mnt/c/Users/vursu/Documents/SoftwareProgramming/Kafka/apache-zookeeper-3.9.2-bin/bin/../lib/jetty-security-9.4.53.v20231009.jar:/mnt/c/Users/vursu/Documents/SoftwareProgramming/Kafka/apache-zookeeper-3.9.2-bin/bin/../lib/jetty-io-9.4.53.v20231009.jar:/mnt/c/Users/vursu/Documents/SoftwareProgramming/Kafka/apache-zookeeper-3.9.2-bin/bin/../lib/jetty-http-9.4.53.v20231009.jar:/mnt/c/Users/vursu/Documents/SoftwareProgramming/Kafka/apache-zookeeper-3.9.2-bin/bin/../lib/javax.servlet-api-3.1.0.jar:/mnt/c/Users/vursu/Documents/SoftwareProgramming/Kafka/apache-zookeeper-3.9.2-bin/bin/../lib/jackson-databind-2.15.2.jar:/mnt/c/Users/vursu/Documents/SoftwareProgramming/Kafka/apache-zookeeper-3.9.2-bin/bin/../lib/jackson-core-2.15.2.jar:/mnt/c/Users/vursu/Documents/SoftwareProgramming/Kafka/apache-zookeeper-3.9.2-bin/bin/../lib/jackson-annotations-2.15.2.jar:/mnt/c/Users/vursu/Documents/SoftwareProgramming/Kafka/apache-zookeeper-3.9.2-bin/bin/../lib/commons-io-2.11.0.jar:/mnt/c/Users/vursu/Documents/SoftwareProgramming/Kafka/apache-zookeeper-3.9.2-bin/bin/../lib/commons-cli-1.5.0.jar:/mnt/c/Users/vursu/Documents/SoftwareProgramming/Kafka/apache-zookeeper-3.9.2-bin/bin/../lib/audience-annotations-0.12.0.jar:/mnt/c/Users/vursu/Documents/SoftwareProgramming/Kafka/apache-zookeeper-3.9.2-bin/bin/../zookeeper-*.jar:/mnt/c/Users/vursu/Documents/SoftwareProgramming/Kafka/apache-zookeeper-3.9.2-bin/bin/../zookeeper-server/src/main/resources/lib/*.jar:/mnt/c/Users/vursu/Documents/SoftwareProgramming/Kafka/apache-zookeeper-3.9.2-bin/bin/../conf:
2024-10-08 07:11:34,153 [myid:] - INFO  [main:o.a.z.Environment@98] - Server environment:java.library.path=/usr/java/packages/lib:/usr/lib/x86_64-linux-gnu/jni:/lib/x86_64-linux-gnu:/usr/lib/x86_64-linux-gnu:/usr/lib/jni:/lib:/usr/lib
2024-10-08 07:11:34,153 [myid:] - INFO  [main:o.a.z.Environment@98] - Server environment:java.io.tmpdir=/tmp
2024-10-08 07:11:34,153 [myid:] - INFO  [main:o.a.z.Environment@98] - Server environment:java.compiler=<NA>
2024-10-08 07:11:34,153 [myid:] - INFO  [main:o.a.z.Environment@98] - Server environment:os.name=Linux
2024-10-08 07:11:34,153 [myid:] - INFO  [main:o.a.z.Environment@98] - Server environment:os.arch=amd64
2024-10-08 07:11:34,154 [myid:] - INFO  [main:o.a.z.Environment@98] - Server environment:os.version=5.15.153.1-microsoft-standard-WSL2
2024-10-08 07:11:34,154 [myid:] - INFO  [main:o.a.z.Environment@98] - Server environment:user.name=vursu
2024-10-08 07:11:34,154 [myid:] - INFO  [main:o.a.z.Environment@98] - Server environment:user.home=/home/vursu
2024-10-08 07:11:34,154 [myid:] - INFO  [main:o.a.z.Environment@98] - Server environment:user.dir=/mnt/c/Users/vursu/Documents/SoftwareProgramming/Kafka/apache-zookeeper-3.9.2-bin
2024-10-08 07:11:34,154 [myid:] - INFO  [main:o.a.z.Environment@98] - Server environment:os.memory.free=230MB
2024-10-08 07:11:34,154 [myid:] - INFO  [main:o.a.z.Environment@98] - Server environment:os.memory.max=1000MB
2024-10-08 07:11:34,155 [myid:] - INFO  [main:o.a.z.Environment@98] - Server environment:os.memory.total=250MB
2024-10-08 07:11:34,155 [myid:] - INFO  [main:o.a.z.s.ZooKeeperServer@149] - zookeeper.enableEagerACLCheck = false
2024-10-08 07:11:34,155 [myid:] - INFO  [main:o.a.z.s.ZooKeeperServer@162] - zookeeper.digest.enabled = true
2024-10-08 07:11:34,155 [myid:] - INFO  [main:o.a.z.s.ZooKeeperServer@166] - zookeeper.closeSessionTxn.enabled = true
2024-10-08 07:11:34,155 [myid:] - INFO  [main:o.a.z.s.ZooKeeperServer@2253] - zookeeper.serializeLastProcessedZxid.enabled = true
2024-10-08 07:11:34,155 [myid:] - INFO  [main:o.a.z.s.ZooKeeperServer@1596] - zookeeper.flushDelay = 0 ms
2024-10-08 07:11:34,156 [myid:] - INFO  [main:o.a.z.s.ZooKeeperServer@1605] - zookeeper.maxWriteQueuePollTime = 0 ms
2024-10-08 07:11:34,156 [myid:] - INFO  [main:o.a.z.s.ZooKeeperServer@1614] - zookeeper.maxBatchSize=1000
2024-10-08 07:11:34,156 [myid:] - INFO  [main:o.a.z.s.ZooKeeperServer@287] - zookeeper.intBufferStartingSizeBytes = 1024
2024-10-08 07:11:34,157 [myid:] - INFO  [main:o.a.z.s.BlueThrottle@141] - Weighed connection throttling is disabled
2024-10-08 07:11:34,158 [myid:] - INFO  [main:o.a.z.s.AuthenticationHelper@66] - zookeeper.enforce.auth.enabled = false
2024-10-08 07:11:34,159 [myid:] - INFO  [main:o.a.z.s.AuthenticationHelper@67] - zookeeper.enforce.auth.schemes = []
2024-10-08 07:11:34,160 [myid:] - INFO  [main:o.a.z.s.ZooKeeperServer@1406] - minSessionTimeout set to 4000 ms
2024-10-08 07:11:34,160 [myid:] - INFO  [main:o.a.z.s.ZooKeeperServer@1415] - maxSessionTimeout set to 40000 ms
2024-10-08 07:11:34,162 [myid:] - INFO  [main:o.a.z.s.ResponseCache@45] - getData response cache size is initialized with value 400.
2024-10-08 07:11:34,162 [myid:] - INFO  [main:o.a.z.s.ResponseCache@45] - getChildren response cache size is initialized with value 400.
2024-10-08 07:11:34,163 [myid:] - INFO  [main:o.a.z.s.u.RequestPathMetricsCollector@109] - zookeeper.pathStats.slotCapacity = 60
2024-10-08 07:11:34,163 [myid:] - INFO  [main:o.a.z.s.u.RequestPathMetricsCollector@110] - zookeeper.pathStats.slotDuration = 15
2024-10-08 07:11:34,163 [myid:] - INFO  [main:o.a.z.s.u.RequestPathMetricsCollector@111] - zookeeper.pathStats.maxDepth = 6
2024-10-08 07:11:34,163 [myid:] - INFO  [main:o.a.z.s.u.RequestPathMetricsCollector@112] - zookeeper.pathStats.initialDelay = 5
2024-10-08 07:11:34,163 [myid:] - INFO  [main:o.a.z.s.u.RequestPathMetricsCollector@113] - zookeeper.pathStats.delay = 5
2024-10-08 07:11:34,163 [myid:] - INFO  [main:o.a.z.s.u.RequestPathMetricsCollector@114] - zookeeper.pathStats.enabled = false
2024-10-08 07:11:34,167 [myid:] - INFO  [main:o.a.z.s.ZooKeeperServer@1633] - The max bytes for all large requests are set to 104857600
2024-10-08 07:11:34,167 [myid:] - INFO  [main:o.a.z.s.ZooKeeperServer@1647] - The large request threshold is set to -1
2024-10-08 07:11:34,168 [myid:] - INFO  [main:o.a.z.s.ZooKeeperServer@385] - Created server with tickTime 2000 ms minSessionTimeout 4000 ms maxSessionTimeout 40000 ms clientPortListenBacklog -1 dataLogdir /mnt/c/Users/vursu/Documents/SoftwareProgramming/Kafka/apache-zookeeper-3.9.2-bin/data/zookeeper/version-2 snapdir /mnt/c/Users/vursu/Documents/SoftwareProgramming/Kafka/apache-zookeeper-3.9.2-bin/data/zookeeper/version-2
2024-10-08 07:11:34,197 [myid:] - INFO  [main:o.e.j.u.l.Log@170] - Logging initialized @863ms to org.eclipse.jetty.util.log.Slf4jLog
2024-10-08 07:11:34,292 [myid:] - WARN  [main:o.e.j.s.h.ContextHandler@1662] - o.e.j.s.ServletContextHandler@771a660{/,null,STOPPED} contextPath ends with /*
2024-10-08 07:11:34,293 [myid:] - WARN  [main:o.e.j.s.h.ContextHandler@1673] - Empty contextPath
2024-10-08 07:11:34,322 [myid:] - INFO  [main:o.e.j.s.Server@375] - jetty-9.4.53.v20231009; built: 2023-10-09T12:29:09.265Z; git: 27bde00a0b95a1d5bbee0eae7984f891d2d0f8c9; jvm 11.0.24+8-post-Ubuntu-1ubuntu320.04
2024-10-08 07:11:34,355 [myid:] - INFO  [main:o.e.j.s.s.DefaultSessionIdManager@334] - DefaultSessionIdManager workerName=node0
2024-10-08 07:11:34,356 [myid:] - INFO  [main:o.e.j.s.s.DefaultSessionIdManager@339] - No SessionScavenger set, using defaults
2024-10-08 07:11:34,358 [myid:] - INFO  [main:o.e.j.s.s.HouseKeeper@132] - node0 Scavenging every 600000ms
2024-10-08 07:11:34,363 [myid:] - WARN  [main:o.e.j.s.ConstraintSecurityHandler@759] - ServletContext@o.e.j.s.ServletContextHandler@771a660{/,null,STARTING} has uncovered http methods for path: /*
2024-10-08 07:11:34,382 [myid:] - INFO  [main:o.e.j.s.h.ContextHandler@921] - Started o.e.j.s.ServletContextHandler@771a660{/,null,AVAILABLE}
2024-10-08 07:11:34,399 [myid:] - INFO  [main:o.e.j.s.AbstractConnector@333] - Started ServerConnector@5403f35f{HTTP/1.1, (http/1.1)}{0.0.0.0:8080}
2024-10-08 07:11:34,399 [myid:] - INFO  [main:o.e.j.s.Server@415] - Started @1065ms
2024-10-08 07:11:34,400 [myid:] - INFO  [main:o.a.z.s.a.JettyAdminServer@201] - Started AdminServer on address 0.0.0.0, port 8080 and command URL /commands
2024-10-08 07:11:34,406 [myid:] - INFO  [main:o.a.z.s.ServerCnxnFactory@169] - Using org.apache.zookeeper.server.NIOServerCnxnFactory as server connection factory
2024-10-08 07:11:34,407 [myid:] - WARN  [main:o.a.z.s.ServerCnxnFactory@309] - maxCnxns is not configured, using default value 0.
2024-10-08 07:11:34,410 [myid:] - INFO  [main:o.a.z.s.NIOServerCnxnFactory@652] - Configuring NIO connection handler with 10s sessionless connection timeout, 2 selector thread(s), 16 worker threads, and 64 kB direct buffers.
2024-10-08 07:11:34,412 [myid:] - INFO  [main:o.a.z.s.NIOServerCnxnFactory@660] - binding to port 0.0.0.0/0.0.0.0:2181
2024-10-08 07:11:34,430 [myid:] - INFO  [main:o.a.z.s.w.WatchManagerFactory@42] - Using org.apache.zookeeper.server.watch.WatchManager as watch manager
2024-10-08 07:11:34,431 [myid:] - INFO  [main:o.a.z.s.w.WatchManagerFactory@42] - Using org.apache.zookeeper.server.watch.WatchManager as watch manager
2024-10-08 07:11:34,432 [myid:] - INFO  [main:o.a.z.s.ZKDatabase@134] - zookeeper.snapshotSizeFactor = 0.33
2024-10-08 07:11:34,432 [myid:] - INFO  [main:o.a.z.s.ZKDatabase@154] - zookeeper.commitLogCount=500
2024-10-08 07:11:34,444 [myid:] - INFO  [main:o.a.z.s.p.SnapStream@61] - zookeeper.snapshot.compression.method = CHECKED
2024-10-08 07:11:34,444 [myid:] - INFO  [main:o.a.z.s.p.FileTxnSnapLog@480] - Snapshotting: 0x0 to /mnt/c/Users/vursu/Documents/SoftwareProgramming/Kafka/apache-zookeeper-3.9.2-bin/data/zookeeper/version-2/snapshot.0
2024-10-08 07:11:34,450 [myid:] - INFO  [main:o.a.z.s.ZKDatabase@291] - Snapshot loaded in 18 ms, highest zxid is 0x0, digest is 1371985504
2024-10-08 07:11:34,451 [myid:] - INFO  [main:o.a.z.s.p.FileTxnSnapLog@480] - Snapshotting: 0x0 to /mnt/c/Users/vursu/Documents/SoftwareProgramming/Kafka/apache-zookeeper-3.9.2-bin/data/zookeeper/version-2/snapshot.0
2024-10-08 07:11:34,458 [myid:] - INFO  [main:o.a.z.s.ZooKeeperServer@589] - Snapshot taken in 7 ms
2024-10-08 07:11:34,470 [myid:] - INFO  [ProcessThread(sid:0 cport:2181)::o.a.z.s.PrepRequestProcessor@138] - PrepRequestProcessor (sid:0) started, reconfigEnabled=false
2024-10-08 07:11:34,470 [myid:] - INFO  [main:o.a.z.s.RequestThrottler@75] - zookeeper.request_throttler.shutdownTimeout = 10000 ms
2024-10-08 07:11:34,482 [myid:] - INFO  [main:o.a.z.s.ContainerManager@83] - Using checkIntervalMs=60000 maxPerMinute=10000 maxNeverUsedIntervalMs=0
2024-10-08 07:11:34,483 [myid:] - INFO  [main:o.a.z.a.ZKAuditProvider@42] - ZooKeeper audit is disabled.
2024-10-08 07:11:41,390 [myid:] - INFO  [NIOWorkerThread-1:o.a.z.s.c.FourLetterCommands@223] - The list of known four letter word commands is : [{1936881266=srvr, 1937006964=stat, 2003003491=wchc, 1685417328=dump, 1668445044=crst, 1936880500=srst, 1701738089=envi, 1668247142=conf, -720899=telnet close, 1751217000=hash, 2003003507=wchs, 2003003504=wchp, 1684632179=dirs, 1668247155=cons, 1835955314=mntr, 1769173615=isro, 1920298859=ruok, 1735683435=gtmk, 1937010027=stmk}]
2024-10-08 07:11:41,390 [myid:] - INFO  [NIOWorkerThread-1:o.a.z.s.c.FourLetterCommands@224] - The list of enabled four letter word commands is : [[srvr]]
2024-10-08 07:11:41,391 [myid:] - INFO  [NIOWorkerThread-1:o.a.z.s.NIOServerCnxn@532] - Processing srvr command from /127.0.0.1:35742
2024-10-08 07:12:06,544 [myid:] - INFO  [NIOWorkerThread-2:o.a.z.s.NIOServerCnxn@532] - Processing srvr command from /127.0.0.1:36310
2024-10-08 07:26:38,149 [myid:] - INFO  [SyncThread:0:o.a.z.s.p.FileTxnLog@284] - Creating new log file: log.1
